Mar 30, 2023 6:09:19 PM com.example.passwordmanager.log <init>
INFO: User removed successfully
Mar 30, 2023 6:10:03 PM com.example.passwordmanager.log <init>
INFO: User removed successfullytharu
Mar 30, 2023 6:11:02 PM com.example.passwordmanager.log <init>
INFO: Table created successfully! for tharuma
Mar 30, 2023 6:11:22 PM com.example.passwordmanager.log <init>
INFO: tharuma removed successfully
Mar 30, 2023 6:11:46 PM com.example.passwordmanager.log <init>
INFO: Table created successfully! for tharuma
Mar 30, 2023 6:11:55 PM com.example.passwordmanager.log <init>
INFO: tharuma logged in
Mar 30, 2023 6:12:19 PM com.example.passwordmanager.log <init>
INFO: tharuma logged in
Mar 30, 2023 6:17:29 PM com.example.passwordmanager.log <init>
INFO: tharuma logged in
Mar 30, 2023 6:17:29 PM com.example.passwordmanager.log <init>
INFO: tharuma's table setup successfully!
Mar 30, 2023 6:17:44 PM com.example.passwordmanager.log <init>
INFO: tharuma's Record updated successfully!
Mar 30, 2023 6:17:45 PM com.example.passwordmanager.log <init>
INFO: tharuma logged in
Mar 30, 2023 6:17:45 PM com.example.passwordmanager.log <init>
INFO: tharuma's table setup successfully!
Mar 30, 2023 6:19:45 PM com.example.passwordmanager.log <init>
INFO: tharuma's table refreshed successfully!
Mar 30, 2023 6:21:16 PM com.example.passwordmanager.log <init>
INFO: tharumalogged in!
Mar 30, 2023 6:21:16 PM com.example.passwordmanager.log <init>
INFO: tharuma's table refreshed successfully!
Mar 30, 2023 6:21:27 PM com.example.passwordmanager.log <init>
INFO: tharuma's Record updated successfully!
Mar 30, 2023 6:21:34 PM com.example.passwordmanager.log <init>
INFO: tharuma's table refreshed successfully!
Mar 30, 2023 6:21:42 PM com.example.passwordmanager.log <init>
INFO: tharuma's table refreshed successfully!
Mar 30, 2023 6:21:42 PM com.example.passwordmanager.log <init>
INFO: tharuma's Record deleted successfully!
Mar 30, 2023 6:21:55 PM com.example.passwordmanager.log <init>
INFO: tharuma's Record inserted successfully!
Mar 30, 2023 6:21:56 PM com.example.passwordmanager.log <init>
INFO: tharuma's table refreshed successfully!
Mar 31, 2023 3:03:15 PM com.example.passwordmanager.log <init>
INFO: Table created successfully! for preeth
Mar 31, 2023 3:03:29 PM com.example.passwordmanager.log <init>
INFO: preethlogged in!
Mar 31, 2023 3:03:29 PM com.example.passwordmanager.log <init>
INFO: preeth's table refreshed successfully!
Mar 31, 2023 3:05:19 PM com.example.passwordmanager.log <init>
INFO: preeth's Record inserted successfully!
Mar 31, 2023 3:05:21 PM com.example.passwordmanager.log <init>
INFO: preeth's table refreshed successfully!
Mar 31, 2023 3:05:40 PM com.example.passwordmanager.log <init>
INFO: preeth's Record updated successfully!
Mar 31, 2023 3:05:42 PM com.example.passwordmanager.log <init>
INFO: preeth's table refreshed successfully!
Mar 31, 2023 3:05:47 PM com.example.passwordmanager.log <init>
INFO: preeth's table refreshed successfully!
Mar 31, 2023 3:05:47 PM com.example.passwordmanager.log <init>
INFO: preeth's Record deleted successfully!
Mar 31, 2023 3:05:58 PM com.example.passwordmanager.log <init>
INFO: preeth's random password generated successfully!
Apr 07, 2023 10:33:15 AM com.example.passwordmanager.log <init>
INFO: satheeshlogged in!
Apr 07, 2023 10:33:15 AM com.example.passwordmanager.log <init>
INFO: Error occurred while setting up table.
Apr 07, 2023 10:34:17 AM com.example.passwordmanager.log <init>
INFO: satheeshlogged in!
Apr 07, 2023 10:34:17 AM com.example.passwordmanager.log <init>
INFO: Error occurred while setting up table.
Apr 07, 2023 10:34:38 AM com.example.passwordmanager.log <init>
INFO: satheesh removed successfully
Apr 07, 2023 10:34:47 AM com.example.passwordmanager.log <init>
INFO: Table created successfully! for satheesh
Apr 07, 2023 10:34:56 AM com.example.passwordmanager.log <init>
INFO: satheeshlogged in!
Apr 07, 2023 10:34:56 AM com.example.passwordmanager.log <init>
INFO: satheesh's table refreshed successfully!
Apr 07, 2023 10:35:46 AM com.example.passwordmanager.log <init>
INFO: satheeshlogged in!
Apr 07, 2023 10:35:46 AM com.example.passwordmanager.log <init>
INFO: satheesh's table refreshed successfully!
Apr 07, 2023 10:35:57 AM com.example.passwordmanager.log <init>
INFO: satheesh's Record inserted successfully!
Apr 07, 2023 10:35:58 AM com.example.passwordmanager.log <init>
INFO: satheesh's table refreshed successfully!
Apr 07, 2023 10:36:01 AM com.example.passwordmanager.log <init>
INFO: satheesh's table refreshed successfully!
Apr 07, 2023 10:36:01 AM com.example.passwordmanager.log <init>
INFO: satheesh's Record deleted successfully!
Apr 07, 2023 10:36:07 AM com.example.passwordmanager.log <init>
INFO: satheesh's Record inserted successfully!
Apr 07, 2023 10:36:08 AM com.example.passwordmanager.log <init>
INFO: satheesh's table refreshed successfully!
Apr 07, 2023 10:36:16 AM com.example.passwordmanager.log <init>
INFO: satheesh's Record updated successfully!
Apr 07, 2023 10:36:17 AM com.example.passwordmanager.log <init>
INFO: satheesh's table refreshed successfully!
Apr 07, 2023 10:36:22 AM com.example.passwordmanager.log <init>
INFO: username already exits
Apr 07, 2023 10:36:42 AM com.example.passwordmanager.log <init>
INFO: satheesh's Record updated successfully!
Apr 07, 2023 10:36:43 AM com.example.passwordmanager.log <init>
INFO: satheesh's table refreshed successfully!
Apr 07, 2023 10:36:56 AM com.example.passwordmanager.log <init>
INFO: satheesh's random password generated successfully!
